Symbol range map extraction starting
Processing 2476 files
processing Start.java
processing cpw/mods/fml/client/CustomModLoadingErrorDisplayException.java
processing cpw/mods/fml/client/ExtendedServerListData.java
processing cpw/mods/fml/client/FMLClientHandler.java
processing cpw/mods/fml/client/FMLConfigGuiFactory.java
processing cpw/mods/fml/client/FMLFileResourcePack.java
processing cpw/mods/fml/client/FMLFolderResourcePack.java
processing cpw/mods/fml/client/GuiAccessDenied.java
processing cpw/mods/fml/client/GuiBackupFailed.java
processing cpw/mods/fml/client/GuiConfirmation.java
processing cpw/mods/fml/client/GuiCustomModLoadingErrorScreen.java
processing cpw/mods/fml/client/GuiDupesFound.java
processing cpw/mods/fml/client/GuiIngameModOptions.java
processing cpw/mods/fml/client/GuiModList.java
processing cpw/mods/fml/client/GuiModOptionList.java
processing cpw/mods/fml/client/GuiModsMissing.java
processing cpw/mods/fml/client/GuiModsMissingForServer.java
processing cpw/mods/fml/client/GuiNotification.java
processing cpw/mods/fml/client/GuiOldSaveLoadConfirm.java
processing cpw/mods/fml/client/GuiScrollingList.java
processing cpw/mods/fml/client/GuiSlotModList.java
processing cpw/mods/fml/client/GuiSortingProblem.java
processing cpw/mods/fml/client/GuiWrongMinecraft.java
processing cpw/mods/fml/client/IModGuiFactory.java
processing cpw/mods/fml/client/SplashProgress.java
processing cpw/mods/fml/client/config/ConfigGuiType.java
processing cpw/mods/fml/client/config/DummyConfigElement.java
processing cpw/mods/fml/client/config/GuiButtonExt.java
processing cpw/mods/fml/client/config/GuiCheckBox.java
processing cpw/mods/fml/client/config/GuiConfig.java
processing cpw/mods/fml/client/config/GuiConfigEntries.java
processing cpw/mods/fml/client/config/GuiEditArray.java
processing cpw/mods/fml/client/config/GuiEditArrayEntries.java
processing cpw/mods/fml/client/config/GuiMessageDialog.java
processing cpw/mods/fml/client/config/GuiSelectString.java
processing cpw/mods/fml/client/config/GuiSelectStringEntries.java
processing cpw/mods/fml/client/config/GuiSlider.java
processing cpw/mods/fml/client/config/GuiUnicodeGlyphButton.java
processing cpw/mods/fml/client/config/GuiUtils.java
processing cpw/mods/fml/client/config/HoverChecker.java
processing cpw/mods/fml/client/config/IConfigElement.java
processing cpw/mods/fml/client/event/ConfigChangedEvent.java
processing cpw/mods/fml/client/registry/ClientRegistry.java
processing cpw/mods/fml/client/registry/ISimpleBlockRenderingHandler.java
processing cpw/mods/fml/client/registry/RenderingRegistry.java
processing cpw/mods/fml/common/API.java
processing cpw/mods/fml/common/BukkitPluginRef.java
processing cpw/mods/fml/common/BukkitProxy.java
processing cpw/mods/fml/common/CertificateHelper.java
processing cpw/mods/fml/common/ClassNameUtils.java
processing cpw/mods/fml/common/DummyModContainer.java
processing cpw/mods/fml/common/DuplicateModsFoundException.java
processing cpw/mods/fml/common/EnhancedRuntimeException.java
processing cpw/mods/fml/common/FMLCommonHandler.java
processing cpw/mods/fml/common/FMLContainer.java
processing cpw/mods/fml/common/FMLContainerHolder.java
processing cpw/mods/fml/common/FMLLog.java
processing cpw/mods/fml/common/FMLModContainer.java
processing cpw/mods/fml/common/IASMHook.java
processing cpw/mods/fml/common/ICrashCallable.java
processing cpw/mods/fml/common/IFMLHandledException.java
processing cpw/mods/fml/common/IFMLSidedHandler.java
processing cpw/mods/fml/common/IFuelHandler.java
processing cpw/mods/fml/common/ILanguageAdapter.java
processing cpw/mods/fml/common/IWorldGenerator.java
processing cpw/mods/fml/common/InjectedModContainer.java
processing cpw/mods/fml/common/LoadController.java
processing cpw/mods/fml/common/Loader.java
processing cpw/mods/fml/common/LoaderException.java
processing cpw/mods/fml/common/LoaderState.java
processing cpw/mods/fml/common/MCPDummyContainer.java
processing cpw/mods/fml/common/MetadataCollection.java
processing cpw/mods/fml/common/MinecraftDummyContainer.java
processing cpw/mods/fml/common/MissingModsException.java
processing cpw/mods/fml/common/Mod.java
processing cpw/mods/fml/common/ModAPIManager.java
processing cpw/mods/fml/common/ModClassLoader.java
processing cpw/mods/fml/common/ModContainer.java
processing cpw/mods/fml/common/ModContainerFactory.java
processing cpw/mods/fml/common/ModMetadata.java
processing cpw/mods/fml/common/ObfuscationReflectionHelper.java
processing cpw/mods/fml/common/Optional.java
processing cpw/mods/fml/common/ProgressManager.java
processing cpw/mods/fml/common/ProxyInjector.java
processing cpw/mods/fml/common/SaveInspectionHandler.java
processing cpw/mods/fml/common/SidedProxy.java
processing cpw/mods/fml/common/StartupQuery.java
processing cpw/mods/fml/common/TracingPrintStream.java
processing cpw/mods/fml/common/WorldAccessContainer.java
processing cpw/mods/fml/common/WrongMinecraftVersionException.java
processing cpw/mods/fml/common/ZipperUtil.java
processing cpw/mods/fml/common/asm/FMLSanityChecker.java
processing cpw/mods/fml/common/asm/ReobfuscationMarker.java
processing cpw/mods/fml/common/asm/transformers/AccessTransformer.java
processing cpw/mods/fml/common/asm/transformers/DeobfuscationTransformer.java
processing cpw/mods/fml/common/asm/transformers/EventSubscriptionTransformer.java
processing cpw/mods/fml/common/asm/transformers/ItemStackTransformer.java
processing cpw/mods/fml/common/asm/transformers/MarkerTransformer.java
processing cpw/mods/fml/common/asm/transformers/ModAPITransformer.java
processing cpw/mods/fml/common/asm/transformers/ModAccessTransformer.java
processing cpw/mods/fml/common/asm/transformers/PatchingTransformer.java
processing cpw/mods/fml/common/asm/transformers/SideTransformer.java
processing cpw/mods/fml/common/asm/transformers/TerminalTransformer.java
processing cpw/mods/fml/common/asm/transformers/deobf/FMLDeobfuscatingRemapper.java
processing cpw/mods/fml/common/asm/transformers/deobf/FMLRemappingAdapter.java
processing cpw/mods/fml/common/asm/transformers/deobf/LZMAInputSupplier.java
processing cpw/mods/fml/common/discovery/ASMDataTable.java
processing cpw/mods/fml/common/discovery/ContainerType.java
processing cpw/mods/fml/common/discovery/DirectoryDiscoverer.java
processing cpw/mods/fml/common/discovery/ITypeDiscoverer.java
processing cpw/mods/fml/common/discovery/JarDiscoverer.java
processing cpw/mods/fml/common/discovery/ModCandidate.java
processing cpw/mods/fml/common/discovery/ModDiscoverer.java
processing cpw/mods/fml/common/discovery/asm/ASMModParser.java
processing cpw/mods/fml/common/discovery/asm/ModAnnotation.java
processing cpw/mods/fml/common/discovery/asm/ModAnnotationVisitor.java
processing cpw/mods/fml/common/discovery/asm/ModClassVisitor.java
processing cpw/mods/fml/common/discovery/asm/ModFieldVisitor.java
processing cpw/mods/fml/common/discovery/asm/ModMethodVisitor.java
processing cpw/mods/fml/common/event/FMLConstructionEvent.java
processing cpw/mods/fml/common/event/FMLEvent.java
processing cpw/mods/fml/common/event/FMLFingerprintViolationEvent.java
processing cpw/mods/fml/common/event/FMLInitializationEvent.java
processing cpw/mods/fml/common/event/FMLInterModComms.java
processing cpw/mods/fml/common/event/FMLLoadCompleteEvent.java
processing cpw/mods/fml/common/event/FMLLoadEvent.java
processing cpw/mods/fml/common/event/FMLMissingMappingsEvent.java
processing cpw/mods/fml/common/event/FMLModDisabledEvent.java
processing cpw/mods/fml/common/event/FMLModIdMappingEvent.java
processing cpw/mods/fml/common/event/FMLPostInitializationEvent.java
processing cpw/mods/fml/common/event/FMLPreInitializationEvent.java
processing cpw/mods/fml/common/event/FMLServerAboutToStartEvent.java
processing cpw/mods/fml/common/event/FMLServerStartedEvent.java
processing cpw/mods/fml/common/event/FMLServerStartingEvent.java
processing cpw/mods/fml/common/event/FMLServerStoppedEvent.java
processing cpw/mods/fml/common/event/FMLServerStoppingEvent.java
processing cpw/mods/fml/common/event/FMLStateEvent.java
processing cpw/mods/fml/common/eventhandler/ASMEventHandler.java
processing cpw/mods/fml/common/eventhandler/Cancelable.java
processing cpw/mods/fml/common/eventhandler/Event.java
processing cpw/mods/fml/common/eventhandler/EventBus.java
processing cpw/mods/fml/common/eventhandler/EventPriority.java
processing cpw/mods/fml/common/eventhandler/IEventExceptionHandler.java
processing cpw/mods/fml/common/eventhandler/IEventListener.java
processing cpw/mods/fml/common/eventhandler/ListenerList.java
processing cpw/mods/fml/common/eventhandler/SubscribeEvent.java
processing cpw/mods/fml/common/functions/ArtifactVersionNameFunction.java
processing cpw/mods/fml/common/functions/CollectionWrapperFactory.java
processing cpw/mods/fml/common/functions/GenericIterableFactory.java
processing cpw/mods/fml/common/functions/ModIdFunction.java
processing cpw/mods/fml/common/functions/ModNameFunction.java
processing cpw/mods/fml/common/functions/TypeCastFunction.java
processing cpw/mods/fml/common/gameevent/InputEvent.java
processing cpw/mods/fml/common/gameevent/PlayerEvent.java
processing cpw/mods/fml/common/gameevent/TickEvent.java
processing cpw/mods/fml/common/launcher/FMLDeobfTweaker.java
processing cpw/mods/fml/common/launcher/FMLInjectionAndSortingTweaker.java
processing cpw/mods/fml/common/launcher/FMLServerTweaker.java
processing cpw/mods/fml/common/launcher/FMLTweaker.java
processing cpw/mods/fml/common/launcher/TerminalTweaker.java
processing cpw/mods/fml/common/launcher/Yggdrasil.java
processing cpw/mods/fml/common/network/ByteBufUtils.java
processing cpw/mods/fml/common/network/FMLEmbeddedChannel.java
processing cpw/mods/fml/common/network/FMLEventChannel.java
processing cpw/mods/fml/common/network/FMLIndexedMessageToMessageCodec.java
processing cpw/mods/fml/common/network/FMLNetworkEvent.java
processing cpw/mods/fml/common/network/FMLNetworkException.java
processing cpw/mods/fml/common/network/FMLOutboundHandler.java
processing cpw/mods/fml/common/network/IGuiHandler.java
processing cpw/mods/fml/common/network/NetworkCheckHandler.java
processing cpw/mods/fml/common/network/NetworkEventFiringHandler.java
processing cpw/mods/fml/common/network/NetworkHandshakeEstablished.java
processing cpw/mods/fml/common/network/NetworkRegistry.java
processing cpw/mods/fml/common/network/handshake/ChannelRegistrationHandler.java
processing cpw/mods/fml/common/network/handshake/FMLHandshakeClientState.java
processing cpw/mods/fml/common/network/handshake/FMLHandshakeCodec.java
processing cpw/mods/fml/common/network/handshake/FMLHandshakeMessage.java
processing cpw/mods/fml/common/network/handshake/FMLHandshakeServerState.java
processing cpw/mods/fml/common/network/handshake/HandshakeInjector.java
processing cpw/mods/fml/common/network/handshake/HandshakeMessageHandler.java
processing cpw/mods/fml/common/network/handshake/IHandshakeState.java
processing cpw/mods/fml/common/network/handshake/NetworkDispatcher.java
processing cpw/mods/fml/common/network/internal/EntitySpawnHandler.java
processing cpw/mods/fml/common/network/internal/FMLMessage.java
processing cpw/mods/fml/common/network/internal/FMLNetworkHandler.java
Unmatched newcode end: 2412: // Cauldron end
processing cpw/mods/fml/common/network/internal/FMLProxyPacket.java
processing cpw/mods/fml/common/network/internal/FMLRuntimeCodec.java
processing cpw/mods/fml/common/network/internal/HandshakeCompletionHandler.java
processing cpw/mods/fml/common/network/internal/NetworkModHolder.java
processing cpw/mods/fml/common/network/internal/OpenGuiHandler.java
processing cpw/mods/fml/common/network/simpleimpl/IMessage.java
processing cpw/mods/fml/common/network/simpleimpl/IMessageHandler.java
processing cpw/mods/fml/common/network/simpleimpl/MessageContext.java
processing cpw/mods/fml/common/network/simpleimpl/SimpleChannelHandlerWrapper.java
processing cpw/mods/fml/common/network/simpleimpl/SimpleIndexedCodec.java
processing cpw/mods/fml/common/network/simpleimpl/SimpleNetworkWrapper.java
processing cpw/mods/fml/common/patcher/ClassPatch.java
processing cpw/mods/fml/common/patcher/ClassPatchManager.java
processing cpw/mods/fml/common/patcher/GenDiffSet.java
processing cpw/mods/fml/common/registry/EntityRegistry.java
processing cpw/mods/fml/common/registry/ExistingSubstitutionException.java
processing cpw/mods/fml/common/registry/FMLControlledNamespacedRegistry.java
processing cpw/mods/fml/common/registry/GameData.java
processing cpw/mods/fml/common/registry/GameRegistry.java
processing cpw/mods/fml/common/registry/IEntityAdditionalSpawnData.java
processing cpw/mods/fml/common/registry/IThrowableEntity.java
processing cpw/mods/fml/common/registry/IncompatibleSubstitutionException.java
processing cpw/mods/fml/common/registry/ItemStackHolderInjector.java
processing cpw/mods/fml/common/registry/ItemStackHolderRef.java
processing cpw/mods/fml/common/registry/LanguageRegistry.java
processing cpw/mods/fml/common/registry/ObjectHolderRef.java
processing cpw/mods/fml/common/registry/ObjectHolderRegistry.java
processing cpw/mods/fml/common/registry/RegistryDelegate.java
processing cpw/mods/fml/common/registry/VillagerRegistry.java
processing cpw/mods/fml/common/toposort/ModSorter.java
processing cpw/mods/fml/common/toposort/ModSortingException.java
processing cpw/mods/fml/common/toposort/TopologicalSort.java
processing cpw/mods/fml/common/versioning/ArtifactVersion.java
processing cpw/mods/fml/common/versioning/ComparableVersion.java
processing cpw/mods/fml/common/versioning/DefaultArtifactVersion.java
processing cpw/mods/fml/common/versioning/InvalidVersionSpecificationException.java
processing cpw/mods/fml/common/versioning/Restriction.java
processing cpw/mods/fml/common/versioning/VersionParser.java
processing cpw/mods/fml/common/versioning/VersionRange.java
processing cpw/mods/fml/relauncher/CoreModManager.java
Unmatched newcode end: 3965: // Cauldron end
processing cpw/mods/fml/relauncher/FMLCorePlugin.java
processing cpw/mods/fml/relauncher/FMLInjectionData.java
processing cpw/mods/fml/relauncher/FMLLaunchHandler.java
processing cpw/mods/fml/relauncher/FMLRelaunchLog.java
processing cpw/mods/fml/relauncher/FMLSecurityManager.java
processing cpw/mods/fml/relauncher/FileListHelper.java
processing cpw/mods/fml/relauncher/IFMLCallHook.java
processing cpw/mods/fml/relauncher/IFMLLoadingPlugin.java
processing cpw/mods/fml/relauncher/ModListHelper.java
processing cpw/mods/fml/relauncher/ReflectionHelper.java
processing cpw/mods/fml/relauncher/ServerLaunchWrapper.java
processing cpw/mods/fml/relauncher/Side.java
processing cpw/mods/fml/relauncher/SideOnly.java
processing cpw/mods/fml/repackage/com/nothome/delta/ByteBufferSeekableSource.java
processing cpw/mods/fml/repackage/com/nothome/delta/Checksum.java
processing cpw/mods/fml/repackage/com/nothome/delta/DebugDiffWriter.java
processing cpw/mods/fml/repackage/com/nothome/delta/Delta.java
processing cpw/mods/fml/repackage/com/nothome/delta/DiffWriter.java
processing cpw/mods/fml/repackage/com/nothome/delta/GDiffPatcher.java
processing cpw/mods/fml/repackage/com/nothome/delta/GDiffWriter.java
processing cpw/mods/fml/repackage/com/nothome/delta/PatchException.java
processing cpw/mods/fml/repackage/com/nothome/delta/RandomAccessFileSeekableSource.java
processing cpw/mods/fml/repackage/com/nothome/delta/SeekableSource.java
processing cpw/mods/fml/server/FMLServerHandler.java
processing ibxm/Channel.java
processing ibxm/Envelope.java
processing ibxm/FastTracker2.java
processing ibxm/IBXM.java
processing ibxm/Instrument.java
processing ibxm/LogTable.java
processing ibxm/Module.java
processing ibxm/Pattern.java
processing ibxm/Player.java
processing ibxm/ProTracker.java
processing ibxm/Sample.java
processing ibxm/ScreamTracker3.java
processing net/minecraft/block/Block.java
processing net/minecraft/block/BlockAir.java
processing net/minecraft/block/BlockAnvil.java
processing net/minecraft/block/BlockBasePressurePlate.java
processing net/minecraft/block/BlockBeacon.java
processing net/minecraft/block/BlockBed.java
processing net/minecraft/block/BlockBookshelf.java
processing net/minecraft/block/BlockBreakable.java
processing net/minecraft/block/BlockBrewingStand.java
processing net/minecraft/block/BlockBush.java
processing net/minecraft/block/BlockButton.java
processing net/minecraft/block/BlockButtonStone.java
processing net/minecraft/block/BlockButtonWood.java
processing net/minecraft/block/BlockCactus.java
processing net/minecraft/block/BlockCake.java
processing net/minecraft/block/BlockCarpet.java
processing net/minecraft/block/BlockCarrot.java
processing net/minecraft/block/BlockCauldron.java
processing net/minecraft/block/BlockChest.java
processing net/minecraft/block/BlockClay.java
processing net/minecraft/block/BlockCocoa.java
processing net/minecraft/block/BlockColored.java
processing net/minecraft/block/BlockCommandBlock.java
processing net/minecraft/block/BlockCompressed.java
processing net/minecraft/block/BlockCompressedPowered.java
processing net/minecraft/block/BlockContainer.java
processing net/minecraft/block/BlockCrops.java
processing net/minecraft/block/BlockDaylightDetector.java
processing net/minecraft/block/BlockDeadBush.java
processing net/minecraft/block/BlockDirectional.java
processing net/minecraft/block/BlockDirt.java
processing net/minecraft/block/BlockDispenser.java
processing net/minecraft/block/BlockDoor.java
processing net/minecraft/block/BlockDoublePlant.java
processing net/minecraft/block/BlockDragonEgg.java
processing net/minecraft/block/BlockDropper.java
processing net/minecraft/block/BlockDynamicLiquid.java
processing net/minecraft/block/BlockEnchantmentTable.java
processing net/minecraft/block/BlockEndPortal.java
processing net/minecraft/block/BlockEndPortalFrame.java
processing net/minecraft/block/BlockEnderChest.java
processing net/minecraft/block/BlockEventData.java
processing net/minecraft/block/BlockFalling.java
processing net/minecraft/block/BlockFarmland.java
Unmatched newcode start: 3658: // Cauldron start - validate data before sending event
Unmatched newcode end: 4574: // CraftBukkit end
processing net/minecraft/block/BlockFence.java
processing net/minecraft/block/BlockFenceGate.java
processing net/minecraft/block/BlockFire.java
Unmatched newcode start: 26248: /*================================= Forge Start ======================================*/
processing net/minecraft/block/BlockFlower.java
processing net/minecraft/block/BlockFlowerPot.java
processing net/minecraft/block/BlockFurnace.java
processing net/minecraft/block/BlockGlass.java
processing net/minecraft/block/BlockGlowstone.java
processing net/minecraft/block/BlockGrass.java
processing net/minecraft/block/BlockGravel.java
processing net/minecraft/block/BlockHardenedClay.java
processing net/minecraft/block/BlockHay.java
processing net/minecraft/block/BlockHopper.java
processing net/minecraft/block/BlockHugeMushroom.java
processing net/minecraft/block/BlockIce.java
processing net/minecraft/block/BlockJukebox.java
processing net/minecraft/block/BlockLadder.java
processing net/minecraft/block/BlockLeaves.java
processing net/minecraft/block/BlockLeavesBase.java
processing net/minecraft/block/BlockLever.java
processing net/minecraft/block/BlockLilyPad.java
processing net/minecraft/block/BlockLiquid.java
processing net/minecraft/block/BlockLog.java
processing net/minecraft/block/BlockMelon.java
processing net/minecraft/block/BlockMobSpawner.java
processing net/minecraft/block/BlockMushroom.java
processing net/minecraft/block/BlockMycelium.java
processing net/minecraft/block/BlockNetherWart.java
processing net/minecraft/block/BlockNetherrack.java
processing net/minecraft/block/BlockNewLeaf.java
processing net/minecraft/block/BlockNewLog.java
processing net/minecraft/block/BlockNote.java
processing net/minecraft/block/BlockObsidian.java
processing net/minecraft/block/BlockOldLeaf.java
processing net/minecraft/block/BlockOldLog.java
processing net/minecraft/block/BlockOre.java
processing net/minecraft/block/BlockPackedIce.java
processing net/minecraft/block/BlockPane.java
processing net/minecraft/block/BlockPistonBase.java
processing net/minecraft/block/BlockPistonExtension.java
processing net/minecraft/block/BlockPistonMoving.java
processing net/minecraft/block/BlockPortal.java
Unmatched newcode end: 18067: // CraftBukkit end
processing net/minecraft/block/BlockPotato.java
processing net/minecraft/block/BlockPressurePlate.java
processing net/minecraft/block/BlockPressurePlateWeighted.java
processing net/minecraft/block/BlockPumpkin.java
Unmatched newcode start: 4023: // CraftBukkit start - Use BlockStateListPopulator
processing net/minecraft/block/BlockQuartz.java
processing net/minecraft/block/BlockRail.java
processing net/minecraft/block/BlockRailBase.java
processing net/minecraft/block/BlockRailDetector.java
processing net/minecraft/block/BlockRailPowered.java
processing net/minecraft/block/BlockRedstoneComparator.java
processing net/minecraft/block/BlockRedstoneDiode.java
processing net/minecraft/block/BlockRedstoneLight.java
processing net/minecraft/block/BlockRedstoneOre.java
processing net/minecraft/block/BlockRedstoneRepeater.java
processing net/minecraft/block/BlockRedstoneTorch.java
processing net/minecraft/block/BlockRedstoneWire.java
processing net/minecraft/block/BlockReed.java
processing net/minecraft/block/BlockRotatedPillar.java
processing net/minecraft/block/BlockSand.java
processing net/minecraft/block/BlockSandStone.java
processing net/minecraft/block/BlockSapling.java
processing net/minecraft/block/BlockSign.java
processing net/minecraft/block/BlockSilverfish.java
processing net/minecraft/block/BlockSkull.java
processing net/minecraft/block/BlockSlab.java
processing net/minecraft/block/BlockSnow.java
processing net/minecraft/block/BlockSnowBlock.java
processing net/minecraft/block/BlockSoulSand.java
processing net/minecraft/block/BlockSourceImpl.java
processing net/minecraft/block/BlockSponge.java
processing net/minecraft/block/BlockStainedGlass.java
processing net/minecraft/block/BlockStainedGlassPane.java
processing net/minecraft/block/BlockStairs.java
processing net/minecraft/block/BlockStaticLiquid.java
processing net/minecraft/block/BlockStem.java
processing net/minecraft/block/BlockStone.java
processing net/minecraft/block/BlockStoneBrick.java
processing net/minecraft/block/BlockStoneSlab.java
processing net/minecraft/block/BlockTNT.java
processing net/minecraft/block/BlockTallGrass.java
processing net/minecraft/block/BlockTorch.java
processing net/minecraft/block/BlockTrapDoor.java
processing net/minecraft/block/BlockTripWire.java
processing net/minecraft/block/BlockTripWireHook.java
processing net/minecraft/block/BlockVine.java
processing net/minecraft/block/BlockWall.java
processing net/minecraft/block/BlockWeb.java
processing net/minecraft/block/BlockWood.java
processing net/minecraft/block/BlockWoodSlab.java
processing net/minecraft/block/BlockWorkbench.java
processing net/minecraft/block/IGrowable.java
processing net/minecraft/block/ITileEntityProvider.java
processing net/minecraft/block/material/MapColor.java
processing net/minecraft/block/material/Material.java
processing net/minecraft/block/material/MaterialLiquid.java
processing net/minecraft/block/material/MaterialLogic.java
processing net/minecraft/block/material/MaterialPortal.java
processing net/minecraft/block/material/MaterialTransparent.java
processing net/minecraft/client/AnvilConverterException.java
processing net/minecraft/client/ClientBrandRetriever.java
processing net/minecraft/client/LoadingScreenRenderer.java
processing net/minecraft/client/Minecraft.java
processing net/minecraft/client/audio/ISound.java
processing net/minecraft/client/audio/ISoundEventAccessor.java
processing net/minecraft/client/audio/ITickableSound.java
processing net/minecraft/client/audio/MovingSound.java
processing net/minecraft/client/audio/MovingSoundMinecart.java
processing net/minecraft/client/audio/MovingSoundMinecartRiding.java
processing net/minecraft/client/audio/MusicTicker.java
processing net/minecraft/client/audio/PositionedSound.java
processing net/minecraft/client/audio/PositionedSoundRecord.java
processing net/minecraft/client/audio/SoundCategory.java
processing net/minecraft/client/audio/SoundEventAccessor.java
processing net/minecraft/client/audio/SoundEventAccessorComposite.java
processing net/minecraft/client/audio/SoundHandler.java
processing net/minecraft/client/audio/SoundList.java
processing net/minecraft/client/audio/SoundListSerializer.java
processing net/minecraft/client/audio/SoundManager.java
processing net/minecraft/client/audio/SoundPoolEntry.java
processing net/minecraft/client/audio/SoundRegistry.java
processing net/minecraft/client/entity/AbstractClientPlayer.java
processing net/minecraft/client/entity/EntityClientPlayerMP.java
processing net/minecraft/client/entity/EntityOtherPlayerMP.java
processing net/minecraft/client/entity/EntityPlayerSP.java
processing net/minecraft/client/gui/ChatLine.java
processing net/minecraft/client/gui/FontRenderer.java
processing net/minecraft/client/gui/Gui.java
processing net/minecraft/client/gui/GuiButton.java
processing net/minecraft/client/gui/GuiButtonLanguage.java
processing net/minecraft/client/gui/GuiButtonRealmsProxy.java
processing net/minecraft/client/gui/GuiChat.java
processing net/minecraft/client/gui/GuiCommandBlock.java
processing net/minecraft/client/gui/GuiConfirmOpenLink.java
processing net/minecraft/client/gui/GuiControls.java
processing net/minecraft/client/gui/GuiCreateFlatWorld.java
processing net/minecraft/client/gui/GuiCreateWorld.java
processing net/minecraft/client/gui/GuiDisconnected.java
processing net/minecraft/client/gui/GuiDownloadTerrain.java
processing net/minecraft/client/gui/GuiEnchantment.java
processing net/minecraft/client/gui/GuiErrorScreen.java
processing net/minecraft/client/gui/GuiFlatPresets.java
processing net/minecraft/client/gui/GuiGameOver.java
processing net/minecraft/client/gui/GuiHopper.java
processing net/minecraft/client/gui/GuiIngame.java
processing net/minecraft/client/gui/GuiIngameMenu.java
processing net/minecraft/client/gui/GuiKeyBindingList.java
processing net/minecraft/client/gui/GuiLabel.java
processing net/minecraft/client/gui/GuiLanguage.java
processing net/minecraft/client/gui/GuiListExtended.java
processing net/minecraft/client/gui/GuiMainMenu.java
processing net/minecraft/client/gui/GuiMemoryErrorScreen.java
processing net/minecraft/client/gui/GuiMerchant.java
processing net/minecraft/client/gui/GuiMultiplayer.java
processing net/minecraft/client/gui/GuiNewChat.java
processing net/minecraft/client/gui/GuiOptionButton.java
processing net/minecraft/client/gui/GuiOptionSlider.java
processing net/minecraft/client/gui/GuiOptions.java
processing net/minecraft/client/gui/GuiOptionsRowList.java
processing net/minecraft/client/gui/GuiPlayerInfo.java
processing net/minecraft/client/gui/GuiRenameWorld.java
processing net/minecraft/client/gui/GuiRepair.java
processing net/minecraft/client/gui/GuiResourcePackAvailable.java
processing net/minecraft/client/gui/GuiResourcePackList.java
processing net/minecraft/client/gui/GuiResourcePackSelected.java
processing net/minecraft/client/gui/GuiScreen.java
processing net/minecraft/client/gui/GuiScreenAddServer.java
processing net/minecraft/client/gui/GuiScreenBook.java
processing net/minecraft/client/gui/GuiScreenDemo.java
processing net/minecraft/client/gui/GuiScreenOptionsSounds.java
processing net/minecraft/client/gui/GuiScreenRealmsProxy.java
processing net/minecraft/client/gui/GuiScreenResourcePacks.java
processing net/minecraft/client/gui/GuiScreenServerList.java
processing net/minecraft/client/gui/GuiScreenWorking.java
processing net/minecraft/client/gui/GuiSelectWorld.java
processing net/minecraft/client/gui/GuiShareToLan.java
processing net/minecraft/client/gui/GuiSleepMP.java
processing net/minecraft/client/gui/GuiSlot.java
processing net/minecraft/client/gui/GuiSlotRealmsProxy.java
processing net/minecraft/client/gui/GuiSnooper.java
processing net/minecraft/client/gui/GuiStreamIndicator.java
processing net/minecraft/client/gui/GuiTextField.java
processing net/minecraft/client/gui/GuiVideoSettings.java
processing net/minecraft/client/gui/GuiWinGame.java
processing net/minecraft/client/gui/GuiYesNo.java
processing net/minecraft/client/gui/GuiYesNoCallback.java
processing net/minecraft/client/gui/IProgressMeter.java
processing net/minecraft/client/gui/MapItemRenderer.java
processing net/minecraft/client/gui/ScaledResolution.java
processing net/minecraft/client/gui/ScreenChatOptions.java
processing net/minecraft/client/gui/ServerListEntryLanDetected.java
processing net/minecraft/client/gui/ServerListEntryLanScan.java
processing net/minecraft/client/gui/ServerListEntryNormal.java
processing net/minecraft/client/gui/ServerSelectionList.java
processing net/minecraft/client/gui/achievement/GuiAchievement.java
processing net/minecraft/client/gui/achievement/GuiAchievements.java
processing net/minecraft/client/gui/achievement/GuiStats.java
processing net/minecraft/client/gui/inventory/CreativeCrafting.java
processing net/minecraft/client/gui/inventory/GuiBeacon.java
processing net/minecraft/client/gui/inventory/GuiBrewingStand.java
processing net/minecraft/client/gui/inventory/GuiChest.java
processing net/minecraft/client/gui/inventory/GuiContainer.java
processing net/minecraft/client/gui/inventory/GuiContainerCreative.java
processing net/minecraft/client/gui/inventory/GuiCrafting.java
processing net/minecraft/client/gui/inventory/GuiDispenser.java
processing net/minecraft/client/gui/inventory/GuiEditSign.java
processing net/minecraft/client/gui/inventory/GuiFurnace.java
processing net/minecraft/client/gui/inventory/GuiInventory.java
processing net/minecraft/client/gui/inventory/GuiScreenHorseInventory.java
processing net/minecraft/client/gui/stream/GuiIngestServers.java
processing net/minecraft/client/gui/stream/GuiStreamOptions.java
processing net/minecraft/client/gui/stream/GuiStreamUnavailable.java
processing net/minecraft/client/gui/stream/GuiTwitchUserMode.java
processing net/minecraft/client/main/Main.java
processing net/minecraft/client/model/ModelBase.java
processing net/minecraft/client/model/ModelBat.java
processing net/minecraft/client/model/ModelBiped.java
processing net/minecraft/client/model/ModelBlaze.java
processing net/minecraft/client/model/ModelBoat.java
processing net/minecraft/client/model/ModelBook.java
processing net/minecraft/client/model/ModelBox.java
processing net/minecraft/client/model/ModelChest.java
processing net/minecraft/client/model/ModelChicken.java
processing net/minecraft/client/model/ModelCow.java
processing net/minecraft/client/model/ModelCreeper.java
processing net/minecraft/client/model/ModelDragon.java
processing net/minecraft/client/model/ModelEnderCrystal.java
processing net/minecraft/client/model/ModelEnderman.java
processing net/minecraft/client/model/ModelGhast.java
processing net/minecraft/client/model/ModelHorse.java
processing net/minecraft/client/model/ModelIronGolem.java
processing net/minecraft/client/model/ModelLargeChest.java
processing net/minecraft/client/model/ModelLeashKnot.java
processing net/minecraft/client/model/ModelMagmaCube.java
processing net/minecraft/client/model/ModelMinecart.java
processing net/minecraft/client/model/ModelOcelot.java
processing net/minecraft/client/model/ModelPig.java
processing net/minecraft/client/model/ModelQuadruped.java
processing net/minecraft/client/model/ModelRenderer.java
processing net/minecraft/client/model/ModelSheep1.java
processing net/minecraft/client/model/ModelSheep2.java
processing net/minecraft/client/model/ModelSign.java
processing net/minecraft/client/model/ModelSilverfish.java
processing net/minecraft/client/model/ModelSkeleton.java
processing net/minecraft/client/model/ModelSkeletonHead.java
processing net/minecraft/client/model/ModelSlime.java
processing net/minecraft/client/model/ModelSnowMan.java
processing net/minecraft/client/model/ModelSpider.java
processing net/minecraft/client/model/ModelSquid.java
processing net/minecraft/client/model/ModelVillager.java
processing net/minecraft/client/model/ModelWitch.java
processing net/minecraft/client/model/ModelWither.java
processing net/minecraft/client/model/ModelWolf.java
processing net/minecraft/client/model/ModelZombie.java
processing net/minecraft/client/model/ModelZombieVillager.java
processing net/minecraft/client/model/PositionTextureVertex.java
processing net/minecraft/client/model/TextureOffset.java
processing net/minecraft/client/model/TexturedQuad.java
processing net/minecraft/client/multiplayer/ChunkProviderClient.java
processing net/minecraft/client/multiplayer/GuiConnecting.java
processing net/minecraft/client/multiplayer/PlayerControllerMP.java
processing net/minecraft/client/multiplayer/ServerAddress.java
processing net/minecraft/client/multiplayer/ServerData.java
processing net/minecraft/client/multiplayer/ServerList.java
processing net/minecraft/client/multiplayer/ThreadLanServerPing.java
processing net/minecraft/client/multiplayer/WorldClient.java
processing net/minecraft/client/network/LanServerDetector.java
processing net/minecraft/client/network/NetHandlerHandshakeMemory.java
processing net/minecraft/client/network/NetHandlerLoginClient.java
processing net/minecraft/client/network/NetHandlerPlayClient.java
processing net/minecraft/client/network/OldServerPinger.java
processing net/minecraft/client/particle/EffectRenderer.java
processing net/minecraft/client/particle/EntityAuraFX.java
processing net/minecraft/client/particle/EntityBlockDustFX.java
processing net/minecraft/client/particle/EntityBreakingFX.java
processing net/minecraft/client/particle/EntityBubbleFX.java
processing net/minecraft/client/particle/EntityCloudFX.java
processing net/minecraft/client/particle/EntityCrit2FX.java
processing net/minecraft/client/particle/EntityCritFX.java
processing net/minecraft/client/particle/EntityDiggingFX.java
processing net/minecraft/client/particle/EntityDropParticleFX.java
processing net/minecraft/client/particle/EntityEnchantmentTableParticleFX.java
processing net/minecraft/client/particle/EntityExplodeFX.java
processing net/minecraft/client/particle/EntityFX.java
processing net/minecraft/client/particle/EntityFireworkOverlayFX.java
processing net/minecraft/client/particle/EntityFireworkSparkFX.java
processing net/minecraft/client/particle/EntityFireworkStarterFX.java
processing net/minecraft/client/particle/EntityFishWakeFX.java
processing net/minecraft/client/particle/EntityFlameFX.java
processing net/minecraft/client/particle/EntityFootStepFX.java
processing net/minecraft/client/particle/EntityHeartFX.java
processing net/minecraft/client/particle/EntityHugeExplodeFX.java
processing net/minecraft/client/particle/EntityLargeExplodeFX.java
processing net/minecraft/client/particle/EntityLavaFX.java
processing net/minecraft/client/particle/EntityNoteFX.java
processing net/minecraft/client/particle/EntityPickupFX.java
processing net/minecraft/client/particle/EntityPortalFX.java
processing net/minecraft/client/particle/EntityRainFX.java
processing net/minecraft/client/particle/EntityReddustFX.java
processing net/minecraft/client/particle/EntitySmokeFX.java
processing net/minecraft/client/particle/EntitySnowShovelFX.java
processing net/minecraft/client/particle/EntitySpellParticleFX.java
processing net/minecraft/client/particle/EntitySplashFX.java
processing net/minecraft/client/particle/EntitySuspendFX.java
processing net/minecraft/client/renderer/ActiveRenderInfo.java
processing net/minecraft/client/renderer/DestroyBlockProgress.java
processing net/minecraft/client/renderer/EntityRenderer.java
processing net/minecraft/client/renderer/EntitySorter.java
processing net/minecraft/client/renderer/GLAllocation.java
processing net/minecraft/client/renderer/IImageBuffer.java
processing net/minecraft/client/renderer/IconFlipped.java
processing net/minecraft/client/renderer/ImageBufferDownload.java
processing net/minecraft/client/renderer/InventoryEffectRenderer.java
processing net/minecraft/client/renderer/ItemRenderer.java
processing net/minecraft/client/renderer/OpenGlCapsChecker.java
processing net/minecraft/client/renderer/OpenGlHelper.java
processing net/minecraft/client/renderer/RenderBlocks.java
processing net/minecraft/client/renderer/RenderGlobal.java
processing net/minecraft/client/renderer/RenderHelper.java
processing net/minecraft/client/renderer/RenderList.java
processing net/minecraft/client/renderer/RenderSorter.java
processing net/minecraft/client/renderer/StitcherException.java
processing net/minecraft/client/renderer/Tessellator.java
processing net/minecraft/client/renderer/ThreadDownloadImageData.java
processing net/minecraft/client/renderer/WorldRenderer.java
processing net/minecraft/client/renderer/culling/ClippingHelper.java
processing net/minecraft/client/renderer/culling/ClippingHelperImpl.java
processing net/minecraft/client/renderer/culling/Frustrum.java
processing net/minecraft/client/renderer/culling/ICamera.java
processing net/minecraft/client/renderer/entity/Render.java
processing net/minecraft/client/renderer/entity/RenderArrow.java
processing net/minecraft/client/renderer/entity/RenderBat.java
processing net/minecraft/client/renderer/entity/RenderBiped.java
processing net/minecraft/client/renderer/entity/RenderBlaze.java
processing net/minecraft/client/renderer/entity/RenderBoat.java
processing net/minecraft/client/renderer/entity/RenderCaveSpider.java
processing net/minecraft/client/renderer/entity/RenderChicken.java
processing net/minecraft/client/renderer/entity/RenderCow.java
processing net/minecraft/client/renderer/entity/RenderCreeper.java
processing net/minecraft/client/renderer/entity/RenderDragon.java
processing net/minecraft/client/renderer/entity/RenderEnchantmentTable.java
processing net/minecraft/client/renderer/entity/RenderEnderman.java
processing net/minecraft/client/renderer/entity/RenderEntity.java
processing net/minecraft/client/renderer/entity/RenderFallingBlock.java
processing net/minecraft/client/renderer/entity/RenderFireball.java
processing net/minecraft/client/renderer/entity/RenderFish.java
processing net/minecraft/client/renderer/entity/RenderGhast.java
processing net/minecraft/client/renderer/entity/RenderGiantZombie.java
processing net/minecraft/client/renderer/entity/RenderHorse.java
processing net/minecraft/client/renderer/entity/RenderIronGolem.java
processing net/minecraft/client/renderer/entity/RenderItem.java
processing net/minecraft/client/renderer/entity/RenderLeashKnot.java
processing net/minecraft/client/renderer/entity/RenderLightningBolt.java
processing net/minecraft/client/renderer/entity/RenderLiving.java
processing net/minecraft/client/renderer/entity/RenderMagmaCube.java
processing net/minecraft/client/renderer/entity/RenderManager.java
processing net/minecraft/client/renderer/entity/RenderMinecart.java
processing net/minecraft/client/renderer/entity/RenderMinecartMobSpawner.java
processing net/minecraft/client/renderer/entity/RenderMooshroom.java
processing net/minecraft/client/renderer/entity/RenderOcelot.java
processing net/minecraft/client/renderer/entity/RenderPainting.java
processing net/minecraft/client/renderer/entity/RenderPig.java
processing net/minecraft/client/renderer/entity/RenderPlayer.java
processing net/minecraft/client/renderer/entity/RenderSheep.java
processing net/minecraft/client/renderer/entity/RenderSilverfish.java
processing net/minecraft/client/renderer/entity/RenderSkeleton.java
processing net/minecraft/client/renderer/entity/RenderSlime.java
processing net/minecraft/client/renderer/entity/RenderSnowMan.java
processing net/minecraft/client/renderer/entity/RenderSnowball.java
processing net/minecraft/client/renderer/entity/RenderSpider.java
processing net/minecraft/client/renderer/entity/RenderSquid.java
processing net/minecraft/client/renderer/entity/RenderTNTPrimed.java
processing net/minecraft/client/renderer/entity/RenderTntMinecart.java
processing net/minecraft/client/renderer/entity/RenderVillager.java
processing net/minecraft/client/renderer/entity/RenderWitch.java
processing net/minecraft/client/renderer/entity/RenderWither.java
processing net/minecraft/client/renderer/entity/RenderWolf.java
processing net/minecraft/client/renderer/entity/RenderXPOrb.java
processing net/minecraft/client/renderer/entity/RenderZombie.java
processing net/minecraft/client/renderer/entity/RendererLivingEntity.java
processing net/minecraft/client/renderer/texture/AbstractTexture.java
processing net/minecraft/client/renderer/texture/DynamicTexture.java
processing net/minecraft/client/renderer/texture/IIconRegister.java
processing net/minecraft/client/renderer/texture/ITextureObject.java
processing net/minecraft/client/renderer/texture/ITickable.java
processing net/minecraft/client/renderer/texture/ITickableTextureObject.java
processing net/minecraft/client/renderer/texture/LayeredTexture.java
processing net/minecraft/client/renderer/texture/SimpleTexture.java
processing net/minecraft/client/renderer/texture/Stitcher.java
processing net/minecraft/client/renderer/texture/TextureAtlasSprite.java
processing net/minecraft/client/renderer/texture/TextureClock.java
processing net/minecraft/client/renderer/texture/TextureCompass.java
processing net/minecraft/client/renderer/texture/TextureManager.java
processing net/minecraft/client/renderer/texture/TextureMap.java
processing net/minecraft/client/renderer/texture/TextureUtil.java
processing net/minecraft/client/renderer/tileentity/RenderEndPortal.java
processing net/minecraft/client/renderer/tileentity/RenderEnderCrystal.java
processing net/minecraft/client/renderer/tileentity/RenderItemFrame.java
processing net/minecraft/client/renderer/tileentity/RenderWitherSkull.java
processing net/minecraft/client/renderer/tileentity/TileEntityBeaconRenderer.java
processing net/minecraft/client/renderer/tileentity/TileEntityChestRenderer.java
processing net/minecraft/client/renderer/tileentity/TileEntityEnderChestRenderer.java
processing net/minecraft/client/renderer/tileentity/TileEntityMobSpawnerRenderer.java
processing net/minecraft/client/renderer/tileentity/TileEntityRendererChestHelper.java
processing net/minecraft/client/renderer/tileentity/TileEntityRendererDispatcher.java
processing net/minecraft/client/renderer/tileentity/TileEntityRendererPiston.java
processing net/minecraft/client/renderer/tileentity/TileEntitySignRenderer.java
processing net/minecraft/client/renderer/tileentity/TileEntitySkullRenderer.java
processing net/minecraft/client/renderer/tileentity/TileEntitySpecialRenderer.java
processing net/minecraft/client/resources/AbstractResourcePack.java
processing net/minecraft/client/resources/DefaultResourcePack.java
processing net/minecraft/client/resources/FallbackResourceManager.java
processing net/minecraft/client/resources/FileResourcePack.java
processing net/minecraft/client/resources/FolderResourcePack.java
processing net/minecraft/client/resources/FoliageColorReloadListener.java
processing net/minecraft/client/resources/GrassColorReloadListener.java
processing net/minecraft/client/resources/I18n.java
processing net/minecraft/client/resources/IReloadableResourceManager.java
processing net/minecraft/client/resources/IResource.java
processing net/minecraft/client/resources/IResourceManager.java
processing net/minecraft/client/resources/IResourceManagerReloadListener.java
processing net/minecraft/client/resources/IResourcePack.java
processing net/minecraft/client/resources/Language.java
processing net/minecraft/client/resources/LanguageManager.java
processing net/minecraft/client/resources/Locale.java
processing net/minecraft/client/resources/ResourceIndex.java
processing net/minecraft/client/resources/ResourcePackFileNotFoundException.java
processing net/minecraft/client/resources/ResourcePackListEntry.java
processing net/minecraft/client/resources/ResourcePackListEntryDefault.java
processing net/minecraft/client/resources/ResourcePackListEntryFound.java
processing net/minecraft/client/resources/ResourcePackRepository.java
processing net/minecraft/client/resources/SimpleReloadableResourceManager.java
processing net/minecraft/client/resources/SimpleResource.java
processing net/minecraft/client/resources/SkinManager.java
processing net/minecraft/client/resources/data/AnimationFrame.java
processing net/minecraft/client/resources/data/AnimationMetadataSection.java
processing net/minecraft/client/resources/data/AnimationMetadataSectionSerializer.java
processing net/minecraft/client/resources/data/BaseMetadataSectionSerializer.java
processing net/minecraft/client/resources/data/FontMetadataSection.java
processing net/minecraft/client/resources/data/FontMetadataSectionSerializer.java
processing net/minecraft/client/resources/data/IMetadataSection.java
processing net/minecraft/client/resources/data/IMetadataSectionSerializer.java
processing net/minecraft/client/resources/data/IMetadataSerializer.java
processing net/minecraft/client/resources/data/LanguageMetadataSection.java
processing net/minecraft/client/resources/data/LanguageMetadataSectionSerializer.java
processing net/minecraft/client/resources/data/PackMetadataSection.java
processing net/minecraft/client/resources/data/PackMetadataSectionSerializer.java
processing net/minecraft/client/resources/data/TextureMetadataSection.java
processing net/minecraft/client/resources/data/TextureMetadataSectionSerializer.java
processing net/minecraft/client/settings/GameSettings.java
processing net/minecraft/client/settings/KeyBinding.java
processing net/minecraft/client/shader/Framebuffer.java
processing net/minecraft/client/shader/Shader.java
processing net/minecraft/client/shader/ShaderDefault.java
processing net/minecraft/client/shader/ShaderGroup.java
processing net/minecraft/client/shader/ShaderLinkHelper.java
processing net/minecraft/client/shader/ShaderLoader.java
processing net/minecraft/client/shader/ShaderManager.java
processing net/minecraft/client/shader/ShaderUniform.java
processing net/minecraft/client/shader/TesselatorVertexState.java
processing net/minecraft/client/stream/BroadcastController.java
processing net/minecraft/client/stream/ChatController.java
processing net/minecraft/client/stream/IStream.java
processing net/minecraft/client/stream/IngestServerTester.java
processing net/minecraft/client/stream/Metadata.java
processing net/minecraft/client/stream/MetadataAchievement.java
processing net/minecraft/client/stream/NullStream.java
processing net/minecraft/client/stream/TwitchStream.java
processing net/minecraft/client/util/JsonBlendingMode.java
processing net/minecraft/client/util/JsonException.java
processing net/minecraft/client/util/QuadComparator.java
processing net/minecraft/client/util/RenderDistanceSorter.java
processing net/minecraft/command/CommandBase.java
processing net/minecraft/command/CommandClearInventory.java
processing net/minecraft/command/CommandDebug.java
processing net/minecraft/command/CommandDefaultGameMode.java
processing net/minecraft/command/CommandDifficulty.java
processing net/minecraft/command/CommandEffect.java
processing net/minecraft/command/CommandEnchant.java
processing net/minecraft/command/CommandException.java
processing net/minecraft/command/CommandGameMode.java
processing net/minecraft/command/CommandGameRule.java
processing net/minecraft/command/CommandGive.java
processing net/minecraft/command/CommandHandler.java
Unmatched newcode start: 5890: // Cauldron start - register commands with permission nodes, defaulting to class name
processing net/minecraft/command/CommandHelp.java
processing net/minecraft/command/CommandKill.java
processing net/minecraft/command/CommandNotFoundException.java
processing net/minecraft/command/CommandPlaySound.java
processing net/minecraft/command/CommandServerKick.java
processing net/minecraft/command/CommandSetPlayerTimeout.java
processing net/minecraft/command/CommandSetSpawnpoint.java
processing net/minecraft/command/CommandShowSeed.java
processing net/minecraft/command/CommandSpreadPlayers.java
processing net/minecraft/command/CommandTime.java
processing net/minecraft/command/CommandToggleDownfall.java
processing net/minecraft/command/CommandWeather.java
processing net/minecraft/command/CommandXP.java
processing net/minecraft/command/IAdminCommand.java
processing net/minecraft/command/ICommand.java
processing net/minecraft/command/ICommandManager.java
processing net/minecraft/command/ICommandSender.java
processing net/minecraft/command/IEntitySelector.java
processing net/minecraft/command/NumberInvalidException.java
processing net/minecraft/command/PlayerNotFoundException.java
processing net/minecraft/command/PlayerSelector.java
processing net/minecraft/command/ServerCommand.java
processing net/minecraft/command/ServerCommandManager.java
Unmatched newcode start: 3504: // Cauldron start - add permission nodes for rest of vanilla commands
Unmatched newcode end: 5448: // Cauldron end
processing net/minecraft/command/SyntaxErrorException.java
processing net/minecraft/command/WrongUsageException.java
processing net/minecraft/command/server/CommandAchievement.java
processing net/minecraft/command/server/CommandBanIp.java
processing net/minecraft/command/server/CommandBanPlayer.java
processing net/minecraft/command/server/CommandBlockLogic.java
Unmatched newcode start: 5408: // Cauldron start - execute command using the vanilla command manager if it isn't in the bukkit command map
Unmatched newcode end: 9305: // CraftBukkit end
processing net/minecraft/command/server/CommandBroadcast.java
processing net/minecraft/command/server/CommandDeOp.java
processing net/minecraft/command/server/CommandEmote.java
processing net/minecraft/command/server/CommandListBans.java
processing net/minecraft/command/server/CommandListPlayers.java
processing net/minecraft/command/server/CommandMessage.java
processing net/minecraft/command/server/CommandMessageRaw.java
processing net/minecraft/command/server/CommandNetstat.java
processing net/minecraft/command/server/CommandOp.java
processing net/minecraft/command/server/CommandPardonIp.java
processing net/minecraft/command/server/CommandPardonPlayer.java
processing net/minecraft/command/server/CommandPublishLocalServer.java
processing net/minecraft/command/server/CommandSaveAll.java
processing net/minecraft/command/server/CommandSaveOff.java
processing net/minecraft/command/server/CommandSaveOn.java
processing net/minecraft/command/server/CommandScoreboard.java
processing net/minecraft/command/server/CommandSetBlock.java
processing net/minecraft/command/server/CommandSetDefaultSpawnpoint.java
processing net/minecraft/command/server/CommandStop.java
processing net/minecraft/command/server/CommandSummon.java
processing net/minecraft/command/server/CommandTeleport.java
processing net/minecraft/command/server/CommandTestFor.java
processing net/minecraft/command/server/CommandTestForBlock.java
processing net/minecraft/command/server/CommandWhitelist.java
processing net/minecraft/crash/CrashReport.java
processing net/minecraft/crash/CrashReportCategory.java
processing net/minecraft/creativetab/CreativeTabs.java
processing net/minecraft/dispenser/BehaviorDefaultDispenseItem.java
processing net/minecraft/dispenser/BehaviorProjectileDispense.java
processing net/minecraft/dispenser/IBehaviorDispenseItem.java
processing net/minecraft/dispenser/IBlockSource.java
processing net/minecraft/dispenser/ILocatableSource.java
processing net/minecraft/dispenser/ILocation.java
processing net/minecraft/dispenser/IPosition.java
processing net/minecraft/dispenser/PositionImpl.java
processing net/minecraft/enchantment/Enchantment.java
processing net/minecraft/enchantment/EnchantmentArrowDamage.java
processing net/minecraft/enchantment/EnchantmentArrowFire.java
processing net/minecraft/enchantment/EnchantmentArrowInfinite.java
processing net/minecraft/enchantment/EnchantmentArrowKnockback.java
processing net/minecraft/enchantment/EnchantmentDamage.java
processing net/minecraft/enchantment/EnchantmentData.java
processing net/minecraft/enchantment/EnchantmentDigging.java
processing net/minecraft/enchantment/EnchantmentDurability.java
processing net/minecraft/enchantment/EnchantmentFireAspect.java
processing net/minecraft/enchantment/EnchantmentFishingSpeed.java
processing net/minecraft/enchantment/EnchantmentHelper.java
processing net/minecraft/enchantment/EnchantmentKnockback.java
processing net/minecraft/enchantment/EnchantmentLootBonus.java
processing net/minecraft/enchantment/EnchantmentOxygen.java
processing net/minecraft/enchantment/EnchantmentProtection.java
processing net/minecraft/enchantment/EnchantmentThorns.java
processing net/minecraft/enchantment/EnchantmentUntouching.java
processing net/minecraft/enchantment/EnchantmentWaterWorker.java
processing net/minecraft/enchantment/EnumEnchantmentType.java
processing net/minecraft/entity/DataWatcher.java
processing net/minecraft/entity/Entity.java
Unmatched newcode start: 61222: // Cauldron start - use CraftBukkit's fallback world code if no valid world is found.
Unmatched newcode end: 61636: // CraftBukkit end
Unmatched newcode start: 83950: // Cauldron start - Allow Forge hotloading on teleport
Unmatched newcode start: 84518: // Cauldron start - check if teleporter is instance of TravelAgent before attempting to cast to it
Unmatched newcode end: 85908: // CraftBukkit end
Unmatched newcode start: 86437: // Cauldron start - load chunks on provide request
Unmatched newcode end: 86786: // CraftBukkit end
processing net/minecraft/entity/EntityAgeable.java
processing net/minecraft/entity/EntityBodyHelper.java
processing net/minecraft/entity/EntityCreature.java
processing net/minecraft/entity/EntityFlying.java
processing net/minecraft/entity/EntityHanging.java
processing net/minecraft/entity/EntityLeashKnot.java
processing net/minecraft/entity/EntityList.java
processing net/minecraft/entity/EntityLiving.java
processing net/minecraft/entity/EntityLivingBase.java
Unmatched newcode start: 27836: // CraftBukkit start - Use unscaled health
Unmatched newcode start: 44102: // Cauldron start - apply forge damage hook
Unmatched newcode end: 49837: // CraftBukkit end
processing net/minecraft/entity/EntityMinecartCommandBlock.java
processing net/minecraft/entity/EntityTracker.java
processing net/minecraft/entity/EntityTrackerEntry.java
processing net/minecraft/entity/EnumCreatureAttribute.java
processing net/minecraft/entity/EnumCreatureType.java
processing net/minecraft/entity/IEntityLivingData.java
processing net/minecraft/entity/IEntityMultiPart.java
processing net/minecraft/entity/IEntityOwnable.java
processing net/minecraft/entity/IMerchant.java
processing net/minecraft/entity/INpc.java
processing net/minecraft/entity/IProjectile.java
processing net/minecraft/entity/IRangedAttackMob.java
processing net/minecraft/entity/NpcMerchant.java
processing net/minecraft/entity/SharedMonsterAttributes.java
processing net/minecraft/entity/ai/EntityAIArrowAttack.java
processing net/minecraft/entity/ai/EntityAIAttackOnCollide.java
processing net/minecraft/entity/ai/EntityAIAvoidEntity.java
processing net/minecraft/entity/ai/EntityAIBase.java
processing net/minecraft/entity/ai/EntityAIBeg.java
processing net/minecraft/entity/ai/EntityAIBreakDoor.java
processing net/minecraft/entity/ai/EntityAIControlledByPlayer.java
processing net/minecraft/entity/ai/EntityAICreeperSwell.java
processing net/minecraft/entity/ai/EntityAIDefendVillage.java
processing net/minecraft/entity/ai/EntityAIDoorInteract.java
processing net/minecraft/entity/ai/EntityAIEatGrass.java
processing net/minecraft/entity/ai/EntityAIFleeSun.java
processing net/minecraft/entity/ai/EntityAIFollowGolem.java
processing net/minecraft/entity/ai/EntityAIFollowOwner.java
processing net/minecraft/entity/ai/EntityAIFollowParent.java
processing net/minecraft/entity/ai/EntityAIHurtByTarget.java
processing net/minecraft/entity/ai/EntityAILeapAtTarget.java
processing net/minecraft/entity/ai/EntityAILookAtTradePlayer.java
processing net/minecraft/entity/ai/EntityAILookAtVillager.java
processing net/minecraft/entity/ai/EntityAILookIdle.java
processing net/minecraft/entity/ai/EntityAIMate.java
processing net/minecraft/entity/ai/EntityAIMoveIndoors.java
processing net/minecraft/entity/ai/EntityAIMoveThroughVillage.java
processing net/minecraft/entity/ai/EntityAIMoveTowardsRestriction.java
processing net/minecraft/entity/ai/EntityAIMoveTowardsTarget.java
processing net/minecraft/entity/ai/EntityAINearestAttackableTarget.java
processing net/minecraft/entity/ai/EntityAIOcelotAttack.java
processing net/minecraft/entity/ai/EntityAIOcelotSit.java
processing net/minecraft/entity/ai/EntityAIOpenDoor.java
processing net/minecraft/entity/ai/EntityAIOwnerHurtByTarget.java
processing net/minecraft/entity/ai/EntityAIOwnerHurtTarget.java
processing net/minecraft/entity/ai/EntityAIPanic.java
processing net/minecraft/entity/ai/EntityAIPlay.java
processing net/minecraft/entity/ai/EntityAIRestrictOpenDoor.java
processing net/minecraft/entity/ai/EntityAIRestrictSun.java
processing net/minecraft/entity/ai/EntityAIRunAroundLikeCrazy.java
processing net/minecraft/entity/ai/EntityAISit.java
processing net/minecraft/entity/ai/EntityAISwimming.java
processing net/minecraft/entity/ai/EntityAITarget.java
processing net/minecraft/entity/ai/EntityAITargetNonTamed.java
processing net/minecraft/entity/ai/EntityAITasks.java
processing net/minecraft/entity/ai/EntityAITempt.java
processing net/minecraft/entity/ai/EntityAITradePlayer.java
processing net/minecraft/entity/ai/EntityAIVillagerMate.java
processing net/minecraft/entity/ai/EntityAIWander.java
processing net/minecraft/entity/ai/EntityAIWatchClosest.java
processing net/minecraft/entity/ai/EntityAIWatchClosest2.java
processing net/minecraft/entity/ai/EntityJumpHelper.java
processing net/minecraft/entity/ai/EntityLookHelper.java
processing net/minecraft/entity/ai/EntityMinecartMobSpawner.java
processing net/minecraft/entity/ai/EntityMoveHelper.java
processing net/minecraft/entity/ai/EntitySenses.java
processing net/minecraft/entity/ai/RandomPositionGenerator.java
processing net/minecraft/entity/ai/attributes/AttributeModifier.java
processing net/minecraft/entity/ai/attributes/BaseAttribute.java
processing net/minecraft/entity/ai/attributes/BaseAttributeMap.java
processing net/minecraft/entity/ai/attributes/IAttribute.java
processing net/minecraft/entity/ai/attributes/IAttributeInstance.java
processing net/minecraft/entity/ai/attributes/ModifiableAttributeInstance.java
processing net/minecraft/entity/ai/attributes/RangedAttribute.java
processing net/minecraft/entity/ai/attributes/ServersideAttributeMap.java
processing net/minecraft/entity/boss/BossStatus.java
processing net/minecraft/entity/boss/EntityDragon.java
processing net/minecraft/entity/boss/EntityDragonPart.java
processing net/minecraft/entity/boss/EntityWither.java
processing net/minecraft/entity/boss/IBossDisplayData.java
processing net/minecraft/entity/effect/EntityLightningBolt.java
processing net/minecraft/entity/effect/EntityWeatherEffect.java
processing net/minecraft/entity/item/EntityBoat.java
processing net/minecraft/entity/item/EntityEnderCrystal.java
processing net/minecraft/entity/item/EntityEnderEye.java
processing net/minecraft/entity/item/EntityEnderPearl.java
processing net/minecraft/entity/item/EntityExpBottle.java
processing net/minecraft/entity/item/EntityFallingBlock.java
processing net/minecraft/entity/item/EntityFireworkRocket.java
processing net/minecraft/entity/item/EntityItem.java
Unmatched newcode start: 13478: // Cauldron start - rename to cbEvent to fix naming collision
Unmatched newcode end: 14246: // CraftBukkit end
processing net/minecraft/entity/item/EntityItemFrame.java
processing net/minecraft/entity/item/EntityMinecart.java
processing net/minecraft/entity/item/EntityMinecartChest.java
processing net/minecraft/entity/item/EntityMinecartContainer.java
processing net/minecraft/entity/item/EntityMinecartEmpty.java
processing net/minecraft/entity/item/EntityMinecartFurnace.java
processing net/minecraft/entity/item/EntityMinecartHopper.java
processing net/minecraft/entity/item/EntityMinecartTNT.java
processing net/minecraft/entity/item/EntityPainting.java
processing net/minecraft/entity/item/EntityTNTPrimed.java
processing net/minecraft/entity/item/EntityXPOrb.java
processing net/minecraft/entity/monster/EntityBlaze.java
processing net/minecraft/entity/monster/EntityCaveSpider.java
processing net/minecraft/entity/monster/EntityCreeper.java
Unmatched newcode start: 6582: // CraftBukkit start
Unmatched newcode end: 7157: // CraftBukkit end
processing net/minecraft/entity/monster/EntityEnderman.java
processing net/minecraft/entity/monster/EntityGhast.java
processing net/minecraft/entity/monster/EntityGiantZombie.java
processing net/minecraft/entity/monster/EntityGolem.java
processing net/minecraft/entity/monster/EntityIronGolem.java
processing net/minecraft/entity/monster/EntityMagmaCube.java
processing net/minecraft/entity/monster/EntityMob.java
processing net/minecraft/entity/monster/EntityPigZombie.java
processing net/minecraft/entity/monster/EntitySilverfish.java
processing net/minecraft/entity/monster/EntitySkeleton.java
processing net/minecraft/entity/monster/EntitySlime.java
processing net/minecraft/entity/monster/EntitySnowman.java
processing net/minecraft/entity/monster/EntitySpider.java
processing net/minecraft/entity/monster/EntityWitch.java
processing net/minecraft/entity/monster/EntityZombie.java
processing net/minecraft/entity/monster/IMob.java
processing net/minecraft/entity/passive/EntityAmbientCreature.java
processing net/minecraft/entity/passive/EntityAnimal.java
processing net/minecraft/entity/passive/EntityBat.java
processing net/minecraft/entity/passive/EntityChicken.java
processing net/minecraft/entity/passive/EntityCow.java
processing net/minecraft/entity/passive/EntityHorse.java
processing net/minecraft/entity/passive/EntityMooshroom.java
processing net/minecraft/entity/passive/EntityOcelot.java
processing net/minecraft/entity/passive/EntityPig.java
Unmatched newcode start: 5447: // CraftBukkit start
Unmatched newcode end: 5698: // Cauldron end
processing net/minecraft/entity/passive/EntitySheep.java
processing net/minecraft/entity/passive/EntitySquid.java
processing net/minecraft/entity/passive/EntityTameable.java
processing net/minecraft/entity/passive/EntityVillager.java
processing net/minecraft/entity/passive/EntityWaterMob.java
processing net/minecraft/entity/passive/EntityWolf.java
processing net/minecraft/entity/passive/IAnimals.java
processing net/minecraft/entity/player/EntityPlayer.java
Unmatched newcode start: 16098: // Spigot Start
Unmatched newcode end: 17033: // CraftBukkit end
processing net/minecraft/entity/player/EntityPlayerMP.java
Unmatched newcode start: 20594: // Cauldron start - rework CraftBukkit logic to support Forge better
Unmatched newcode end: 22623: // CraftBukkit end
processing net/minecraft/entity/player/InventoryPlayer.java
processing net/minecraft/entity/player/PlayerCapabilities.java
processing net/minecraft/entity/projectile/EntityArrow.java
processing net/minecraft/entity/projectile/EntityEgg.java
processing net/minecraft/entity/projectile/EntityFireball.java
processing net/minecraft/entity/projectile/EntityFishHook.java
processing net/minecraft/entity/projectile/EntityLargeFireball.java
processing net/minecraft/entity/projectile/EntityPotion.java
processing net/minecraft/entity/projectile/EntitySmallFireball.java
processing net/minecraft/entity/projectile/EntitySnowball.java
processing net/minecraft/entity/projectile/EntityThrowable.java
processing net/minecraft/entity/projectile/EntityWitherSkull.java
processing net/minecraft/event/ClickEvent.java
processing net/minecraft/event/HoverEvent.java
processing net/minecraft/init/Blocks.java
processing net/minecraft/init/Bootstrap.java
processing net/minecraft/init/Items.java
processing net/minecraft/inventory/AnimalChest.java
processing net/minecraft/inventory/Container.java
Unmatched newcode start: 1919: // Cauldron start - add null checks to skip modded inventories with no Bukkit wrappers, and
Unmatched newcode end: 3014: // CraftBukkit end
processing net/minecraft/inventory/ContainerBeacon.java
processing net/minecraft/inventory/ContainerBrewingStand.java
processing net/minecraft/inventory/ContainerChest.java
processing net/minecraft/inventory/ContainerDispenser.java
processing net/minecraft/inventory/ContainerEnchantment.java
processing net/minecraft/inventory/ContainerFurnace.java
processing net/minecraft/inventory/ContainerHopper.java
processing net/minecraft/inventory/ContainerHorseInventory.java
processing net/minecraft/inventory/ContainerMerchant.java
processing net/minecraft/inventory/ContainerPlayer.java
processing net/minecraft/inventory/ContainerRepair.java
processing net/minecraft/inventory/ContainerWorkbench.java
processing net/minecraft/inventory/ICrafting.java
processing net/minecraft/inventory/IInvBasic.java
processing net/minecraft/inventory/IInventory.java
processing net/minecraft/inventory/ISidedInventory.java
processing net/minecraft/inventory/InventoryBasic.java
processing net/minecraft/inventory/InventoryCraftResult.java
processing net/minecraft/inventory/InventoryCrafting.java
processing net/minecraft/inventory/InventoryEnderChest.java
processing net/minecraft/inventory/InventoryLargeChest.java
processing net/minecraft/inventory/InventoryMerchant.java
processing net/minecraft/inventory/Slot.java
processing net/minecraft/inventory/SlotCrafting.java
processing net/minecraft/inventory/SlotFurnace.java
Unmatched newcode start: 2552: // CraftBukkit start
Unmatched newcode end: 3239: // Cauldron end
processing net/minecraft/inventory/SlotMerchantResult.java
processing net/minecraft/item/EnumAction.java
processing net/minecraft/item/EnumRarity.java
processing net/minecraft/item/Item.java
processing net/minecraft/item/ItemAnvilBlock.java
processing net/minecraft/item/ItemAppleGold.java
processing net/minecraft/item/ItemArmor.java
processing net/minecraft/item/ItemAxe.java
processing net/minecraft/item/ItemBed.java
processing net/minecraft/item/ItemBlock.java
processing net/minecraft/item/ItemBlockWithMetadata.java
processing net/minecraft/item/ItemBoat.java
processing net/minecraft/item/ItemBook.java
processing net/minecraft/item/ItemBow.java
processing net/minecraft/item/ItemBucket.java
processing net/minecraft/item/ItemBucketMilk.java
processing net/minecraft/item/ItemCarrotOnAStick.java
processing net/minecraft/item/ItemCloth.java
processing net/minecraft/item/ItemCoal.java
processing net/minecraft/item/ItemColored.java
processing net/minecraft/item/ItemDoor.java
processing net/minecraft/item/ItemDoublePlant.java
processing net/minecraft/item/ItemDye.java
processing net/minecraft/item/ItemEditableBook.java
processing net/minecraft/item/ItemEgg.java
processing net/minecraft/item/ItemEmptyMap.java
processing net/minecraft/item/ItemEnchantedBook.java
processing net/minecraft/item/ItemEnderEye.java
processing net/minecraft/item/ItemEnderPearl.java
processing net/minecraft/item/ItemExpBottle.java
processing net/minecraft/item/ItemFireball.java
processing net/minecraft/item/ItemFirework.java
processing net/minecraft/item/ItemFireworkCharge.java
processing net/minecraft/item/ItemFishFood.java
processing net/minecraft/item/ItemFishingRod.java
processing net/minecraft/item/ItemFlintAndSteel.java
processing net/minecraft/item/ItemFood.java
processing net/minecraft/item/ItemGlassBottle.java
processing net/minecraft/item/ItemHangingEntity.java
processing net/minecraft/item/ItemHoe.java
processing net/minecraft/item/ItemLead.java
processing net/minecraft/item/ItemLeaves.java
processing net/minecraft/item/ItemLilyPad.java
processing net/minecraft/item/ItemMap.java
processing net/minecraft/item/ItemMapBase.java
processing net/minecraft/item/ItemMinecart.java
processing net/minecraft/item/ItemMonsterPlacer.java
processing net/minecraft/item/ItemMultiTexture.java
processing net/minecraft/item/ItemNameTag.java
processing net/minecraft/item/ItemPickaxe.java
processing net/minecraft/item/ItemPiston.java
processing net/minecraft/item/ItemPotion.java
processing net/minecraft/item/ItemRecord.java
processing net/minecraft/item/ItemRedstone.java
processing net/minecraft/item/ItemReed.java
processing net/minecraft/item/ItemSaddle.java
processing net/minecraft/item/ItemSeedFood.java
processing net/minecraft/item/ItemSeeds.java
processing net/minecraft/item/ItemShears.java
processing net/minecraft/item/ItemSign.java
processing net/minecraft/item/ItemSimpleFoiled.java
processing net/minecraft/item/ItemSkull.java
processing net/minecraft/item/ItemSlab.java
processing net/minecraft/item/ItemSnow.java
processing net/minecraft/item/ItemSnowball.java
processing net/minecraft/item/ItemSoup.java
processing net/minecraft/item/ItemSpade.java
processing net/minecraft/item/ItemStack.java
processing net/minecraft/item/ItemSword.java
processing net/minecraft/item/ItemTool.java
processing net/minecraft/item/ItemWritableBook.java
processing net/minecraft/item/crafting/CraftingManager.java
processing net/minecraft/item/crafting/FurnaceRecipes.java
processing net/minecraft/item/crafting/IRecipe.java
processing net/minecraft/item/crafting/RecipeBookCloning.java
processing net/minecraft/item/crafting/RecipeFireworks.java
processing net/minecraft/item/crafting/RecipesArmor.java
processing net/minecraft/item/crafting/RecipesArmorDyes.java
processing net/minecraft/item/crafting/RecipesCrafting.java
processing net/minecraft/item/crafting/RecipesDyes.java
processing net/minecraft/item/crafting/RecipesFood.java
processing net/minecraft/item/crafting/RecipesIngots.java
processing net/minecraft/item/crafting/RecipesMapCloning.java
processing net/minecraft/item/crafting/RecipesMapExtending.java
processing net/minecraft/item/crafting/RecipesTools.java
processing net/minecraft/item/crafting/RecipesWeapons.java
processing net/minecraft/item/crafting/ShapedRecipes.java
processing net/minecraft/item/crafting/ShapelessRecipes.java
processing net/minecraft/nbt/CompressedStreamTools.java
processing net/minecraft/nbt/JsonToNBT.java
processing net/minecraft/nbt/NBTBase.java
processing net/minecraft/nbt/NBTException.java
processing net/minecraft/nbt/NBTSizeTracker.java
processing net/minecraft/nbt/NBTTagByte.java
processing net/minecraft/nbt/NBTTagByteArray.java
processing net/minecraft/nbt/NBTTagCompound.java
processing net/minecraft/nbt/NBTTagDouble.java
processing net/minecraft/nbt/NBTTagEnd.java
processing net/minecraft/nbt/NBTTagFloat.java
processing net/minecraft/nbt/NBTTagInt.java
processing net/minecraft/nbt/NBTTagIntArray.java
processing net/minecraft/nbt/NBTTagList.java
processing net/minecraft/nbt/NBTTagLong.java
processing net/minecraft/nbt/NBTTagShort.java
processing net/minecraft/nbt/NBTTagString.java
processing net/minecraft/nbt/NBTUtil.java
processing net/minecraft/network/EnumConnectionState.java
processing net/minecraft/network/INetHandler.java
processing net/minecraft/network/NetHandlerPlayServer.java
Unmatched newcode start: 35567: // CraftBukkit start
Unmatched newcode start: 37658: // Cauldron start - record place result so we can update client inventory slot if place event is cancelled. Fixes stacksize client-side bug
Unmatched newcode end: 38145: // CraftBukkit end
Unmatched newcode start: 50359: // Cauldron start - handle Forge event
Unmatched newcode end: 55057: // CraftBukkit end
Unmatched newcode start: 55684: // Spigot Start
Unmatched newcode start: 71932: // Cauldron start - some containers such as NEI's Creative Container does not have a view at this point so we need to create one
Unmatched newcode end: 91400: // CraftBukkit end
processing net/minecraft/network/NettyEncryptingDecoder.java
processing net/minecraft/network/NettyEncryptingEncoder.java
processing net/minecraft/network/NettyEncryptionTranslator.java
processing net/minecraft/network/NetworkManager.java
processing net/minecraft/network/NetworkStatistics.java
processing net/minecraft/network/NetworkSystem.java
processing net/minecraft/network/Packet.java
processing net/minecraft/network/PacketBuffer.java
processing net/minecraft/network/PingResponseHandler.java
processing net/minecraft/network/ServerStatusResponse.java
processing net/minecraft/network/handshake/INetHandlerHandshakeServer.java
processing net/minecraft/network/handshake/client/C00Handshake.java
processing net/minecraft/network/login/INetHandlerLoginClient.java
processing net/minecraft/network/login/INetHandlerLoginServer.java
processing net/minecraft/network/login/client/C00PacketLoginStart.java
processing net/minecraft/network/login/client/C01PacketEncryptionResponse.java
processing net/minecraft/network/login/server/S00PacketDisconnect.java
processing net/minecraft/network/login/server/S01PacketEncryptionRequest.java
processing net/minecraft/network/login/server/S02PacketLoginSuccess.java
processing net/minecraft/network/play/INetHandlerPlayClient.java
processing net/minecraft/network/play/INetHandlerPlayServer.java
processing net/minecraft/network/play/client/C00PacketKeepAlive.java
processing net/minecraft/network/play/client/C01PacketChatMessage.java
processing net/minecraft/network/play/client/C02PacketUseEntity.java
processing net/minecraft/network/play/client/C03PacketPlayer.java
processing net/minecraft/network/play/client/C07PacketPlayerDigging.java
processing net/minecraft/network/play/client/C08PacketPlayerBlockPlacement.java
processing net/minecraft/network/play/client/C09PacketHeldItemChange.java
processing net/minecraft/network/play/client/C0APacketAnimation.java
processing net/minecraft/network/play/client/C0BPacketEntityAction.java
processing net/minecraft/network/play/client/C0CPacketInput.java
processing net/minecraft/network/play/client/C0DPacketCloseWindow.java
processing net/minecraft/network/play/client/C0EPacketClickWindow.java
processing net/minecraft/network/play/client/C0FPacketConfirmTransaction.java
processing net/minecraft/network/play/client/C10PacketCreativeInventoryAction.java
processing net/minecraft/network/play/client/C11PacketEnchantItem.java
processing net/minecraft/network/play/client/C12PacketUpdateSign.java
processing net/minecraft/network/play/client/C13PacketPlayerAbilities.java
processing net/minecraft/network/play/client/C14PacketTabComplete.java
processing net/minecraft/network/play/client/C15PacketClientSettings.java
processing net/minecraft/network/play/client/C16PacketClientStatus.java
processing net/minecraft/network/play/client/C17PacketCustomPayload.java
processing net/minecraft/network/play/server/S00PacketKeepAlive.java
processing net/minecraft/network/play/server/S01PacketJoinGame.java
processing net/minecraft/network/play/server/S02PacketChat.java
processing net/minecraft/network/play/server/S03PacketTimeUpdate.java
processing net/minecraft/network/play/server/S04PacketEntityEquipment.java
processing net/minecraft/network/play/server/S05PacketSpawnPosition.java
processing net/minecraft/network/play/server/S06PacketUpdateHealth.java
processing net/minecraft/network/play/server/S07PacketRespawn.java
processing net/minecraft/network/play/server/S08PacketPlayerPosLook.java
processing net/minecraft/network/play/server/S09PacketHeldItemChange.java
processing net/minecraft/network/play/server/S0APacketUseBed.java
processing net/minecraft/network/play/server/S0BPacketAnimation.java
processing net/minecraft/network/play/server/S0CPacketSpawnPlayer.java
processing net/minecraft/network/play/server/S0DPacketCollectItem.java
processing net/minecraft/network/play/server/S0EPacketSpawnObject.java
processing net/minecraft/network/play/server/S0FPacketSpawnMob.java
processing net/minecraft/network/play/server/S10PacketSpawnPainting.java
processing net/minecraft/network/play/server/S11PacketSpawnExperienceOrb.java
processing net/minecraft/network/play/server/S12PacketEntityVelocity.java
processing net/minecraft/network/play/server/S13PacketDestroyEntities.java
processing net/minecraft/network/play/server/S14PacketEntity.java
processing net/minecraft/network/play/server/S18PacketEntityTeleport.java
processing net/minecraft/network/play/server/S19PacketEntityHeadLook.java
processing net/minecraft/network/play/server/S19PacketEntityStatus.java
processing net/minecraft/network/play/server/S1BPacketEntityAttach.java
processing net/minecraft/network/play/server/S1CPacketEntityMetadata.java
processing net/minecraft/network/play/server/S1DPacketEntityEffect.java
processing net/minecraft/network/play/server/S1EPacketRemoveEntityEffect.java
processing net/minecraft/network/play/server/S1FPacketSetExperience.java
processing net/minecraft/network/play/server/S20PacketEntityProperties.java
processing net/minecraft/network/play/server/S21PacketChunkData.java
processing net/minecraft/network/play/server/S22PacketMultiBlockChange.java
processing net/minecraft/network/play/server/S23PacketBlockChange.java
processing net/minecraft/network/play/server/S24PacketBlockAction.java
processing net/minecraft/network/play/server/S25PacketBlockBreakAnim.java
processing net/minecraft/network/play/server/S26PacketMapChunkBulk.java
processing net/minecraft/network/play/server/S27PacketExplosion.java
processing net/minecraft/network/play/server/S28PacketEffect.java
processing net/minecraft/network/play/server/S29PacketSoundEffect.java
processing net/minecraft/network/play/server/S2APacketParticles.java
processing net/minecraft/network/play/server/S2BPacketChangeGameState.java
processing net/minecraft/network/play/server/S2CPacketSpawnGlobalEntity.java
processing net/minecraft/network/play/server/S2DPacketOpenWindow.java
processing net/minecraft/network/play/server/S2EPacketCloseWindow.java
processing net/minecraft/network/play/server/S2FPacketSetSlot.java
processing net/minecraft/network/play/server/S30PacketWindowItems.java
processing net/minecraft/network/play/server/S31PacketWindowProperty.java
processing net/minecraft/network/play/server/S32PacketConfirmTransaction.java
processing net/minecraft/network/play/server/S33PacketUpdateSign.java
processing net/minecraft/network/play/server/S34PacketMaps.java
processing net/minecraft/network/play/server/S35PacketUpdateTileEntity.java
processing net/minecraft/network/play/server/S36PacketSignEditorOpen.java
processing net/minecraft/network/play/server/S37PacketStatistics.java
processing net/minecraft/network/play/server/S38PacketPlayerListItem.java
processing net/minecraft/network/play/server/S39PacketPlayerAbilities.java
processing net/minecraft/network/play/server/S3APacketTabComplete.java
processing net/minecraft/network/play/server/S3BPacketScoreboardObjective.java
processing net/minecraft/network/play/server/S3CPacketUpdateScore.java
processing net/minecraft/network/play/server/S3DPacketDisplayScoreboard.java
processing net/minecraft/network/play/server/S3EPacketTeams.java
processing net/minecraft/network/play/server/S3FPacketCustomPayload.java
processing net/minecraft/network/play/server/S40PacketDisconnect.java
processing net/minecraft/network/rcon/IServer.java
processing net/minecraft/network/rcon/RConConsoleSource.java
processing net/minecraft/network/rcon/RConOutputStream.java
processing net/minecraft/network/rcon/RConThreadBase.java
processing net/minecraft/network/rcon/RConThreadClient.java
processing net/minecraft/network/rcon/RConThreadMain.java
processing net/minecraft/network/rcon/RConThreadQuery.java
processing net/minecraft/network/rcon/RConUtils.java
processing net/minecraft/network/status/INetHandlerStatusClient.java
processing net/minecraft/network/status/INetHandlerStatusServer.java
processing net/minecraft/network/status/client/C00PacketServerQuery.java
processing net/minecraft/network/status/client/C01PacketPing.java
processing net/minecraft/network/status/server/S00PacketServerInfo.java
processing net/minecraft/network/status/server/S01PacketPong.java
processing net/minecraft/pathfinding/Path.java
processing net/minecraft/pathfinding/PathEntity.java
processing net/minecraft/pathfinding/PathFinder.java
processing net/minecraft/pathfinding/PathNavigate.java
processing net/minecraft/pathfinding/PathPoint.java
processing net/minecraft/potion/Potion.java
processing net/minecraft/potion/PotionAbsoption.java
processing net/minecraft/potion/PotionAttackDamage.java
processing net/minecraft/potion/PotionEffect.java
processing net/minecraft/potion/PotionHealth.java
processing net/minecraft/potion/PotionHealthBoost.java
processing net/minecraft/potion/PotionHelper.java
processing net/minecraft/profiler/IPlayerUsage.java
processing net/minecraft/profiler/PlayerUsageSnooper.java
processing net/minecraft/profiler/Profiler.java
processing net/minecraft/realms/DisconnectedOnlineScreen.java
processing net/minecraft/realms/Realms.java
processing net/minecraft/realms/RealmsAnvilLevelStorageSource.java
processing net/minecraft/realms/RealmsBridge.java
processing net/minecraft/realms/RealmsButton.java
processing net/minecraft/realms/RealmsConnect.java
processing net/minecraft/realms/RealmsEditBox.java
processing net/minecraft/realms/RealmsLevelSummary.java
processing net/minecraft/realms/RealmsMth.java
processing net/minecraft/realms/RealmsScreen.java
processing net/minecraft/realms/RealmsScrolledSelectionList.java
processing net/minecraft/realms/RealmsServerAddress.java
processing net/minecraft/realms/RealmsServerStatusPinger.java
processing net/minecraft/realms/RealmsSharedConstants.java
processing net/minecraft/realms/RealmsSliderButton.java
processing net/minecraft/realms/RendererUtility.java
processing net/minecraft/realms/ServerPing.java
processing net/minecraft/realms/Tezzelator.java
processing net/minecraft/scoreboard/IScoreObjectiveCriteria.java
processing net/minecraft/scoreboard/Score.java
processing net/minecraft/scoreboard/ScoreDummyCriteria.java
processing net/minecraft/scoreboard/ScoreHealthCriteria.java
processing net/minecraft/scoreboard/ScoreObjective.java
processing net/minecraft/scoreboard/ScorePlayerTeam.java
processing net/minecraft/scoreboard/Scoreboard.java
processing net/minecraft/scoreboard/ScoreboardSaveData.java
processing net/minecraft/scoreboard/ServerScoreboard.java
processing net/minecraft/scoreboard/Team.java
processing net/minecraft/server/MinecraftServer.java
Unmatched newcode start: 16229: // Cauldron start
Unmatched newcode end: 19489: // CraftBukkit end
Unmatched newcode end: 19737: // Cauldron end
Unmatched newcode start: 23002: // Cauldron start - save world configs
Unmatched newcode end: 23452: // CraftBukkit end
Unmatched newcode start: 36738: // CraftBukkit start
Unmatched newcode end: 61153: // CraftBukkit end
Unmatched newcode end: 64185: // CraftBukkit end
processing net/minecraft/server/ServerEula.java
processing net/minecraft/server/dedicated/DedicatedPlayerList.java
processing net/minecraft/server/dedicated/DedicatedServer.java
processing net/minecraft/server/dedicated/PropertyManager.java
processing net/minecraft/server/gui/IUpdatePlayerListBox.java
processing net/minecraft/server/gui/MinecraftServerGui.java
processing net/minecraft/server/gui/PlayerListComponent.java
processing net/minecraft/server/gui/StatsComponent.java
processing net/minecraft/server/integrated/IntegratedPlayerList.java
processing net/minecraft/server/integrated/IntegratedServer.java
processing net/minecraft/server/management/BanEntry.java
processing net/minecraft/server/management/BanList.java
processing net/minecraft/server/management/IPBanEntry.java
processing net/minecraft/server/management/ItemInWorldManager.java
Unmatched newcode start: 19143: // Cauldron start
Unmatched newcode end: 24442: // CraftBukkit end
processing net/minecraft/server/management/LowerStringMap.java
processing net/minecraft/server/management/PlayerManager.java
Unmatched newcode end: 848: // CraftBukkit end
processing net/minecraft/server/management/PlayerPositionComparator.java
processing net/minecraft/server/management/PlayerProfileCache.java
processing net/minecraft/server/management/PreYggdrasilConverter.java
processing net/minecraft/server/management/ServerConfigurationManager.java
Unmatched newcode start: 16480: // CraftBukkit start
Unmatched newcode start: 19599: // CraftBukkit start - Quitting must be before we do final save of data, in case plugins need to modify it
Unmatched newcode end: 20166: // Cauldron end
Unmatched newcode start: 21809: // Cauldron start
Unmatched newcode end: 22027: // CraftBukkit end
Unmatched newcode start: 32182: // CraftBukkit start
Unmatched newcode end: 36370: // Cauldron end
Unmatched newcode end: 50706: // CraftBukkit end
processing net/minecraft/server/management/UserList.java
processing net/minecraft/server/management/UserListBans.java
processing net/minecraft/server/management/UserListBansEntry.java
processing net/minecraft/server/management/UserListEntry.java
processing net/minecraft/server/management/UserListOps.java
processing net/minecraft/server/management/UserListOpsEntry.java
processing net/minecraft/server/management/UserListWhitelist.java
processing net/minecraft/server/management/UserListWhitelistEntry.java
processing net/minecraft/server/network/NetHandlerHandshakeTCP.java
processing net/minecraft/server/network/NetHandlerLoginServer.java
processing net/minecraft/server/network/NetHandlerStatusServer.java
