The Task.leftShift(Closure) method has been deprecated and is scheduled to be removed in Gradle 5.0. Please use Task.doLast(Action) instead.The Task.leftShift(Closure) method has been deprecated and is scheduled to be removed in Gradle 5.0. Please use Task.doLast(Action) instead.

	at build_cnpwv8ta7zrcprz47abydomip.run(C:\Users\Sasha\IdeaProjects\UKCauldron\build.gradle:297)	at build_cnpwv8ta7zrcprz47abydomip.run(C:\Users\Sasha\IdeaProjects\UKCauldron\build.gradle:297)

:createChangelog SKIPPED
:createVersionPropertiesFML
:extractMcpData
:genSrgs
:compressDeobfData
:obfuscateJar
:cauldron:compileJava
warning: [options] bootstrap class path not set in conjunction with -source 1.6
Note: Some input files use or override a deprecated API.
Note: Recompile with -Xlint:deprecation for details.
Note: Some input files use unchecked or unsafe operations.
Note: Recompile with -Xlint:unchecked for details.
1 warning
:cauldron:processResources
:cauldron:classes
:cauldron:jar
:genBinPatches
:packageUniversal
FAILURE: Build failed with an exception.

* What went wrong:
java.lang.AbstractMethodError (no error message)

* Try:
Run with --stacktrace option to get the stack trace. Run with --info or --debug option to get more log output.


BUILD FAILED

Total time: 2 mins 26.144 secs
